<?xml version="1.0" encoding="UTF-8"?>
<testng-results ignored="0" total="1" passed="1" failed="0" skipped="0">
  <reporter-output>
  </reporter-output>
  <suite started-at="2024-03-20T17:00:12 ICT" name="Default suite" finished-at="2024-03-20T17:00:12 ICT" duration-ms="49">
    <groups>
    </groups>
    <test started-at="2024-03-20T17:00:12 ICT" name="Default test" finished-at="2024-03-20T17:00:12 ICT" duration-ms="49">
      <class name="firsttestngpackage.FirtsTestNGFile">
        <test-method signature="testcase1()[pri:0, instance:firsttestngpackage.FirtsTestNGFile@3911c2a7]" started-at="2024-03-20T17:00:12 ICT" name="testcase1" finished-at="2024-03-20T17:00:12 ICT" duration-ms="15" status="PASS">
          <reporter-output>
          </reporter-output>
        </test-method> <!-- testcase1 -->
      </class> <!-- firsttestngpackage.FirtsTestNGFile -->
    </test> <!-- Default test -->
  </suite> <!-- Default suite -->
</testng-results>
