<?xml version="1.0" encoding="UTF-8"?>
<testng-results ignored="0" total="1" passed="1" failed="0" skipped="0">
  <reporter-output>
  </reporter-output>
  <suite started-at="2024-03-25T09:05:40 ICT" name="Default suite" finished-at="2024-03-25T09:05:40 ICT" duration-ms="323">
    <groups>
    </groups>
    <test started-at="2024-03-25T09:05:40 ICT" name="Default test" finished-at="2024-03-25T09:05:40 ICT" duration-ms="323">
      <class name="TestKhachHang.TestKH_001">
        <test-method signature="TestShowKH()[pri:0, instance:TestKhachHang.TestKH_001@7714e963]" started-at="2024-03-25T09:05:40 ICT" name="TestShowKH" finished-at="2024-03-25T09:05:40 ICT" duration-ms="302" status="PASS">
          <reporter-output>
          </reporter-output>
        </test-method> <!-- TestShowKH -->
      </class> <!-- TestKhachHang.TestKH_001 -->
    </test> <!-- Default test -->
  </suite> <!-- Default suite -->
</testng-results>
