<?xml version="1.0" encoding="UTF-8"?>
<testng-results ignored="0" total="1" passed="1" failed="0" skipped="0">
  <reporter-output>
  </reporter-output>
  <suite started-at="2024-03-20T10:09:00Z" name="Default suite" finished-at="2024-03-20T10:09:00Z" duration-ms="31">
    <groups>
    </groups>
    <test started-at="2024-03-20T10:09:00Z" name="Default test" finished-at="2024-03-20T10:09:00Z" duration-ms="31">
      <class name="polyhcm.TestVatCaculator">
        <test-method signature="testGetVatCaculator()[pri:0, instance:polyhcm.TestVatCaculator@298a5e20]" started-at="2024-03-20T17:09:00Z" name="testGetVatCaculator" finished-at="2024-03-20T17:09:00Z" duration-ms="16" status="PASS">
          <reporter-output>
          </reporter-output>
        </test-method> <!-- testGetVatCaculator -->
      </class> <!-- polyhcm.TestVatCaculator -->
    </test> <!-- Default test -->
  </suite> <!-- Default suite -->
</testng-results>
