<?xml version="1.0" encoding="UTF-8"?>
<!-- Generated by org.testng.reporters.JUnitXMLReporter -->
<testsuite ignored="0" hostname="NguyenDung" failures="0" tests="4" name="main-suite-test1" time="54.876" errors="0" timestamp="2023-12-07T12:55:50 ICT">
  <testcase classname="TestNG.TestLogin" name="LoginTest" time="5.678"/>
  <testcase classname="TestNG.TestInsert" name="InsertTest" time="25.65"/>
  <testcase classname="TestNG.TestUpdate" name="UpdateTest" time="8.201"/>
  <testcase classname="TestNG.TestDelete" name="deleteTest" time="7.682"/>
</testsuite> <!-- main-suite-test1 -->
