<?xml version="1.0" encoding="UTF-8"?>
<testng-results ignored="0" total="4" passed="4" failed="0" skipped="0">
  <reporter-output>
  </reporter-output>
  <suite started-at="2023-12-07T12:54:55 ICT" name="Main Suit" finished-at="2023-12-07T12:55:50 ICT" duration-ms="54876">
    <groups>
    </groups>
    <test started-at="2023-12-07T12:54:55 ICT" name="main-suite-test1" finished-at="2023-12-07T12:55:50 ICT" duration-ms="54876">
      <class name="TestNG.TestDelete">
        <test-method is-config="true" signature="suiteTest()[pri:0, instance:TestNG.TestDelete@7690781]" started-at="2023-12-07T12:55:41 ICT" name="suiteTest" finished-at="2023-12-07T12:55:42 ICT" duration-ms="1821" status="PASS">
          <reporter-output>
          </reporter-output>
        </test-method> <!-- suiteTest -->
        <test-method signature="deleteTest()[pri:0, instance:TestNG.TestDelete@7690781]" started-at="2023-12-07T12:55:42 ICT" name="deleteTest" finished-at="2023-12-07T12:55:50 ICT" duration-ms="7682" status="PASS">
          <reporter-output>
          </reporter-output>
        </test-method> <!-- deleteTest -->
        <test-method is-config="true" signature="suiteTearDown()[pri:0, instance:TestNG.TestDelete@7690781]" started-at="2023-12-07T12:55:50 ICT" name="suiteTearDown" finished-at="2023-12-07T12:55:50 ICT" duration-ms="136" status="PASS">
          <reporter-output>
          </reporter-output>
        </test-method> <!-- suiteTearDown -->
      </class> <!-- TestNG.TestDelete -->
      <class name="TestNG.TestUpdate">
        <test-method is-config="true" signature="suiteTest()[pri:0, instance:TestNG.TestUpdate@26275bef]" started-at="2023-12-07T12:55:31 ICT" name="suiteTest" finished-at="2023-12-07T12:55:32 ICT" duration-ms="1191" status="PASS">
          <reporter-output>
          </reporter-output>
        </test-method> <!-- suiteTest -->
        <test-method signature="UpdateTest()[pri:0, instance:TestNG.TestUpdate@26275bef]" started-at="2023-12-07T12:55:32 ICT" name="UpdateTest" finished-at="2023-12-07T12:55:40 ICT" duration-ms="8201" status="PASS">
          <reporter-output>
          </reporter-output>
        </test-method> <!-- UpdateTest -->
        <test-method is-config="true" signature="suiteTearDown()[pri:0, instance:TestNG.TestUpdate@26275bef]" started-at="2023-12-07T12:55:40 ICT" name="suiteTearDown" finished-at="2023-12-07T12:55:41 ICT" duration-ms="323" status="PASS">
          <reporter-output>
          </reporter-output>
        </test-method> <!-- suiteTearDown -->
      </class> <!-- TestNG.TestUpdate -->
      <class name="TestNG.TestInsert">
        <test-method is-config="true" signature="suiteTest()[pri:0, instance:TestNG.TestInsert@4d910fd6]" started-at="2023-12-07T12:55:04 ICT" name="suiteTest" finished-at="2023-12-07T12:55:05 ICT" duration-ms="1111" status="PASS">
          <reporter-output>
          </reporter-output>
        </test-method> <!-- suiteTest -->
        <test-method signature="InsertTest()[pri:0, instance:TestNG.TestInsert@4d910fd6]" started-at="2023-12-07T12:55:05 ICT" name="InsertTest" finished-at="2023-12-07T12:55:31 ICT" duration-ms="25650" status="PASS">
          <reporter-output>
          </reporter-output>
        </test-method> <!-- InsertTest -->
        <test-method is-config="true" signature="suiteTearDown()[pri:0, instance:TestNG.TestInsert@4d910fd6]" started-at="2023-12-07T12:55:31 ICT" name="suiteTearDown" finished-at="2023-12-07T12:55:31 ICT" duration-ms="234" status="PASS">
          <reporter-output>
          </reporter-output>
        </test-method> <!-- suiteTearDown -->
      </class> <!-- TestNG.TestInsert -->
      <class name="TestNG.TestLogin">
        <test-method is-config="true" signature="suiteTest()[pri:0, instance:TestNG.TestLogin@3315d2d7]" started-at="2023-12-07T12:54:55 ICT" name="suiteTest" finished-at="2023-12-07T12:54:58 ICT" duration-ms="2305" status="PASS">
          <reporter-output>
          </reporter-output>
        </test-method> <!-- suiteTest -->
        <test-method signature="LoginTest()[pri:0, instance:TestNG.TestLogin@3315d2d7]" started-at="2023-12-07T12:54:58 ICT" name="LoginTest" finished-at="2023-12-07T12:55:03 ICT" duration-ms="5678" status="PASS">
          <reporter-output>
          </reporter-output>
        </test-method> <!-- LoginTest -->
        <test-method is-config="true" signature="suiteTearDown()[pri:0, instance:TestNG.TestLogin@3315d2d7]" started-at="2023-12-07T12:55:03 ICT" name="suiteTearDown" finished-at="2023-12-07T12:55:04 ICT" duration-ms="484" status="PASS">
          <reporter-output>
          </reporter-output>
        </test-method> <!-- suiteTearDown -->
      </class> <!-- TestNG.TestLogin -->
    </test> <!-- main-suite-test1 -->
  </suite> <!-- Main Suit -->
</testng-results>
